\BOOKMARK [1][-]{section.1}{Introduction}{}% 1
\BOOKMARK [2][-]{subsection.1.1}{The problem and motivation}{section.1}% 2
\BOOKMARK [2][-]{subsection.1.2}{Previous work on maze solving problem}{section.1}% 3
\BOOKMARK [3][-]{subsubsection.1.2.1}{Random mouse algorithm}{subsection.1.2}% 4
\BOOKMARK [3][-]{subsubsection.1.2.2}{Wall follower algorithm}{subsection.1.2}% 5
\BOOKMARK [3][-]{subsubsection.1.2.3}{Depth-first search algorithm - one of the best maze-solving algorithm}{subsection.1.2}% 6
\BOOKMARK [3][-]{subsubsection.1.2.4}{The final choice of algorithm}{subsection.1.2}% 7
\BOOKMARK [2][-]{subsection.1.3}{Hypothesis}{section.1}% 8
\BOOKMARK [2][-]{subsection.1.4}{Objectives}{section.1}% 9
\BOOKMARK [1][-]{section.2}{Description of the product}{}% 10
\BOOKMARK [2][-]{subsection.2.1}{Part lists}{section.2}% 11
\BOOKMARK [1][-]{section.3}{Project processes}{}% 12
\BOOKMARK [2][-]{subsection.3.1}{Team routine, robot assembly and first program}{section.3}% 13
\BOOKMARK [3][-]{subsubsection.3.1.1}{Be familiar with Trello for project management}{subsection.3.1}% 14
\BOOKMARK [3][-]{subsubsection.3.1.2}{CMapTools' knowledge}{subsection.3.1}% 15
\BOOKMARK [3][-]{subsubsection.3.1.3}{Boe-Bot assembly}{subsection.3.1}% 16
\BOOKMARK [3][-]{subsubsection.3.1.4}{Servo Motor and BOE Shield-Bot Navigation}{subsection.3.1}% 17
\BOOKMARK [3][-]{subsubsection.3.1.5}{Tactile Navigation with Whiskers}{subsection.3.1}% 18
\BOOKMARK [2][-]{subsection.3.2}{Robot Vision, Communication and Brain Storming}{section.3}% 19
\BOOKMARK [3][-]{subsubsection.3.2.1}{Prepare Brainstorming Session}{subsection.3.2}% 20
\BOOKMARK [3][-]{subsubsection.3.2.2}{Robot Vision}{subsection.3.2}% 21
\BOOKMARK [3][-]{subsubsection.3.2.3}{Brainstorming Session}{subsection.3.2}% 22
\BOOKMARK [3][-]{subsubsection.3.2.4}{Serial Communication via Bluetooth}{subsection.3.2}% 23
\BOOKMARK [2][-]{subsection.3.3}{Design Sketch and Phase 1 Implementation}{section.3}% 24
\BOOKMARK [3][-]{subsubsection.3.3.1}{Prepare Sketch of the Prototype of your Project }{subsection.3.3}% 25
\BOOKMARK [3][-]{subsubsection.3.3.2}{First Implementation Phase}{subsection.3.3}% 26
\BOOKMARK [3][-]{subsubsection.3.3.3}{Write brief session report}{subsection.3.3}% 27
\BOOKMARK [2][-]{subsection.3.4}{Implementation Phase}{section.3}% 28
\BOOKMARK [3][-]{subsubsection.3.4.1}{Second Implementation Phase}{subsection.3.4}% 29
\BOOKMARK [3][-]{subsubsection.3.4.2}{Write brief session report}{subsection.3.4}% 30
\BOOKMARK [2][-]{subsection.3.5}{Implementation and Initial Testing}{section.3}% 31
\BOOKMARK [3][-]{subsubsection.3.5.1}{Finish Implementation and Initial Testing}{subsection.3.5}% 32
\BOOKMARK [3][-]{subsubsection.3.5.2}{Write brief session report}{subsection.3.5}% 33
\BOOKMARK [2][-]{subsection.3.6}{Implementation and Final Testing}{section.3}% 34
\BOOKMARK [1][-]{section.4}{Implementation}{}% 35
\BOOKMARK [2][-]{subsection.4.1}{Left-hand rule}{section.4}% 36
\BOOKMARK [2][-]{subsection.4.2}{The 8 possibilities}{section.4}% 37
\BOOKMARK [2][-]{subsection.4.3}{Result}{section.4}% 38
\BOOKMARK [2][-]{subsection.4.4}{Behaviors}{section.4}% 39
\BOOKMARK [2][-]{subsection.4.5}{The main algorithm}{section.4}% 40
\BOOKMARK [3][-]{subsubsection.4.5.1}{Path stored in memory}{subsection.4.5}% 41
\BOOKMARK [3][-]{subsubsection.4.5.2}{Intersection and Turn Handling}{subsection.4.5}% 42
\BOOKMARK [3][-]{subsubsection.4.5.3}{Mid and Right are open}{subsection.4.5}% 43
\BOOKMARK [3][-]{subsubsection.4.5.4}{Dead-end}{subsection.4.5}% 44
\BOOKMARK [3][-]{subsubsection.4.5.5}{Not intersection - Left only or Right only}{subsection.4.5}% 45
\BOOKMARK [3][-]{subsubsection.4.5.6}{Other types of intersection}{subsection.4.5}% 46
\BOOKMARK [3][-]{subsubsection.4.5.7}{Replacement Rules}{subsection.4.5}% 47
\BOOKMARK [1][-]{section.5}{Description of the prototype used for the demonstration}{}% 48
\BOOKMARK [2][-]{subsection.5.1}{The system}{section.5}% 49
\BOOKMARK [2][-]{subsection.5.2}{Final product}{section.5}% 50
\BOOKMARK [2][-]{subsection.5.3}{Prototype}{section.5}% 51
\BOOKMARK [1][-]{section.6}{Conclusion}{}% 52
\BOOKMARK [1][-]{section.7}{Appendices}{}% 53
\BOOKMARK [2][-]{subsection.7.1}{Code listing}{section.7}% 54
\BOOKMARK [2][-]{subsection.7.2}{Link to Trello Board}{section.7}% 55
